# JRE version: Java(TM) SE Runtime Environment (14.0.2+12) (build 14.0.2+12-46)
# Java VM: Java HotSpot(TM) 64-Bit Server VM (14.0.2+12-46, mixed mode, sharing, tiered, compressed oops, parallel gc, windows-amd64)
Heap:
 PSYoungGen      total 5120K, used 4800K [0x00000000eab00000, 0x00000000eb100000, 0x0000000100000000)
  eden space 4096K, 100% used [0x00000000eab00000,0x00000000eaf00000,0x00000000eaf00000)
  from space 1024K, 68% used [0x00000000eaf00000,0x00000000eafb0000,0x00000000eb000000)
  to   space 1024K, 99% used [0x00000000eb000000,0x00000000eb0fff70,0x00000000eb100000)
 ParOldGen       total 130048K, used 119223K [0x00000000c0000000, 0x00000000c7f00000, 0x00000000eab00000)
  object space 130048K, 91% used [0x00000000c0000000,0x00000000c746def8,0x00000000c7f00000)
 Metaspace       used 82628K, capacity 85827K, committed 85976K, reserved 1126400K
  class space    used 7877K, capacity 9152K, committed 9216K, reserved 1048576K
GC Heap History (20 events):
Event: 199568.090 GC heap after
{Heap after GC invocations=16400 (full 423):
 PSYoungGen      total 4608K, used 512K [0x00000000eab00000, 0x00000000eb200000, 0x0000000100000000)
  eden space 4096K, 0% used [0x00000000eab00000,0x00000000eab00000,0x00000000eaf00000)
  from space 512K, 100% used [0x00000000eb100000,0x00000000eb180000,0x00000000eb180000)
  to   space 1536K, 0% used [0x00000000eaf00000,0x00000000eaf00000,0x00000000eb080000)
 ParOldGen       total 130048K, used 115985K [0x00000000c0000000, 0x00000000c7f00000, 0x00000000eab00000)
  object space 130048K, 89% used [0x00000000c0000000,0x00000000c71444f8,0x00000000c7f00000)
 Metaspace       used 82628K, capacity 85827K, committed 85976K, reserved 1126400K
  class space    used 7877K, capacity 9152K, committed 9216K, reserved 1048576K
}
Event: 199568.097 GC heap before
{Heap before GC invocations=16401 (full 423):
 PSYoungGen      total 4608K, used 4608K [0x00000000eab00000, 0x00000000eb200000, 0x0000000100000000)
  eden space 4096K, 100% used [0x00000000eab00000,0x00000000eaf00000,0x00000000eaf00000)
  from space 512K, 100% used [0x00000000eb100000,0x00000000eb180000,0x00000000eb180000)
  to   space 1536K, 0% used [0x00000000eaf00000,0x00000000eaf00000,0x00000000eb080000)
 ParOldGen       total 130048K, used 115985K [0x00000000c0000000, 0x00000000c7f00000, 0x00000000eab00000)
  object space 130048K, 89% used [0x00000000c0000000,0x00000000c71444f8,0x00000000c7f00000)
 Metaspace       used 82628K, capacity 85827K, committed 85976K, reserved 1126400K
  class space    used 7877K, capacity 9152K, committed 9216K, reserved 1048576K
}
Event: 199568.098 GC heap after
{Heap after GC invocations=16401 (full 423):
 PSYoungGen      total 5632K, used 896K [0x00000000eab00000, 0x00000000eb200000, 0x0000000100000000)
  eden space 4096K, 0% used [0x00000000eab00000,0x00000000eab00000,0x00000000eaf00000)
  from space 1536K, 58% used [0x00000000eaf00000,0x00000000eafe0000,0x00000000eb080000)
  to   space 1536K, 0% used [0x00000000eb080000,0x00000000eb080000,0x00000000eb200000)
 ParOldGen       total 130048K, used 116567K [0x00000000c0000000, 0x00000000c7f00000, 0x00000000eab00000)
  object space 130048K, 89% used [0x00000000c0000000,0x00000000c71d5f38,0x00000000c7f00000)
 Metaspace       used 82628K, capacity 85827K, committed 85976K, reserved 1126400K
  class space    used 7877K, capacity 9152K, committed 9216K, reserved 1048576K
}
Event: 199568.104 GC heap before
{Heap before GC invocations=16402 (full 423):
 PSYoungGen      total 5632K, used 4992K [0x00000000eab00000, 0x00000000eb200000, 0x0000000100000000)
  eden space 4096K, 100% used [0x00000000eab00000,0x00000000eaf00000,0x00000000eaf00000)
  from space 1536K, 58% used [0x00000000eaf00000,0x00000000eafe0000,0x00000000eb080000)
  to   space 1536K, 0% used [0x00000000eb080000,0x00000000eb080000,0x00000000eb200000)
 ParOldGen       total 130048K, used 116567K [0x00000000c0000000, 0x00000000c7f00000, 0x00000000eab00000)
  object space 130048K, 89% used [0x00000000c0000000,0x00000000c71d5f38,0x00000000c7f00000)
 Metaspace       used 82628K, capacity 85827K, committed 85976K, reserved 1126400K
  class space    used 7877K, capacity 9152K, committed 9216K, reserved 1048576K
}
Event: 199568.105 GC heap after
{Heap after GC invocations=16402 (full 423):
 PSYoungGen      total 4608K, used 496K [0x00000000eab00000, 0x00000000eb100000, 0x0000000100000000)
  eden space 4096K, 0% used [0x00000000eab00000,0x00000000eab00000,0x00000000eaf00000)
  from space 512K, 96% used [0x00000000eb080000,0x00000000eb0fc010,0x00000000eb100000)
  to   space 1024K, 0% used [0x00000000eaf00000,0x00000000eaf00000,0x00000000eb000000)
 ParOldGen       total 130048K, used 116679K [0x00000000c0000000, 0x00000000c7f00000, 0x00000000eab00000)
  object space 130048K, 89% used [0x00000000c0000000,0x00000000c71f1f38,0x00000000c7f00000)
 Metaspace       used 82628K, capacity 85827K, committed 85976K, reserved 1126400K
  class space    used 7877K, capacity 9152K, committed 9216K, reserved 1048576K
}
Event: 199568.111 GC heap before
{Heap before GC invocations=16403 (full 423):
 PSYoungGen      total 4608K, used 4592K [0x00000000eab00000, 0x00000000eb100000, 0x0000000100000000)
  eden space 4096K, 100% used [0x00000000eab00000,0x00000000eaf00000,0x00000000eaf00000)
  from space 512K, 96% used [0x00000000eb080000,0x00000000eb0fc010,0x00000000eb100000)
  to   space 1024K, 0% used [0x00000000eaf00000,0x00000000eaf00000,0x00000000eb000000)
 ParOldGen       total 130048K, used 116679K [0x00000000c0000000, 0x00000000c7f00000, 0x00000000eab00000)
  object space 130048K, 89% used [0x00000000c0000000,0x00000000c71f1f38,0x00000000c7f00000)
 Metaspace       used 82628K, capacity 85827K, committed 85976K, reserved 1126400K
  class space    used 7877K, capacity 9152K, committed 9216K, reserved 1048576K
}
Event: 199568.111 GC heap after
{Heap after GC invocations=16403 (full 423):
 PSYoungGen      total 5120K, used 352K [0x00000000eab00000, 0x00000000eb100000, 0x0000000100000000)
  eden space 4096K, 0% used [0x00000000eab00000,0x00000000eab00000,0x00000000eaf00000)
  from space 1024K, 34% used [0x00000000eaf00000,0x00000000eaf58000,0x00000000eb000000)
  to   space 512K, 0% used [0x00000000eb080000,0x00000000eb080000,0x00000000eb100000)
 ParOldGen       total 130048K, used 116695K [0x00000000c0000000, 0x00000000c7f00000, 0x00000000eab00000)
  object space 130048K, 89% used [0x00000000c0000000,0x00000000c71f5f38,0x00000000c7f00000)
 Metaspace       used 82628K, capacity 85827K, committed 85976K, reserved 1126400K
  class space    used 7877K, capacity 9152K, committed 9216K, reserved 1048576K
}
Event: 199568.117 GC heap before
{Heap before GC invocations=16404 (full 423):
 PSYoungGen      total 5120K, used 4448K [0x00000000eab00000, 0x00000000eb100000, 0x0000000100000000)
  eden space 4096K, 100% used [0x00000000eab00000,0x00000000eaf00000,0x00000000eaf00000)
  from space 1024K, 34% used [0x00000000eaf00000,0x00000000eaf58000,0x00000000eb000000)
  to   space 512K, 0% used [0x00000000eb080000,0x00000000eb080000,0x00000000eb100000)
 ParOldGen       total 130048K, used 116695K [0x00000000c0000000, 0x00000000c7f00000, 0x00000000eab00000)
  object space 130048K, 89% used [0x00000000c0000000,0x00000000c71f5f38,0x00000000c7f00000)
 Metaspace       used 82628K, capacity 85827K, committed 85976K, reserved 1126400K
  class space    used 7877K, capacity 9152K, committed 9216K, reserved 1048576K
}
Event: 199568.118 GC heap after
{Heap after GC invocations=16404 (full 423):
 PSYoungGen      total 4608K, used 512K [0x00000000eab00000, 0x00000000eb100000, 0x0000000100000000)
  eden space 4096K, 0% used [0x00000000eab00000,0x00000000eab00000,0x00000000eaf00000)
  from space 512K, 100% used [0x00000000eb080000,0x00000000eb100000,0x00000000eb100000)
  to   space 1024K, 0% used [0x00000000eaf00000,0x00000000eaf00000,0x00000000eb000000)
 ParOldGen       total 130048K, used 116815K [0x00000000c0000000, 0x00000000c7f00000, 0x00000000eab00000)
  object space 130048K, 89% used [0x00000000c0000000,0x00000000c7213f58,0x00000000c7f00000)
 Metaspace       used 82628K, capacity 85827K, committed 85976K, reserved 1126400K
  class space    used 7877K, capacity 9152K, committed 9216K, reserved 1048576K
}
Event: 199568.125 GC heap before
{Heap before GC invocations=16405 (full 423):
 PSYoungGen      total 4608K, used 4608K [0x00000000eab00000, 0x00000000eb100000, 0x0000000100000000)
  eden space 4096K, 100% used [0x00000000eab00000,0x00000000eaf00000,0x00000000eaf00000)
  from space 512K, 100% used [0x00000000eb080000,0x00000000eb100000,0x00000000eb100000)
  to   space 1024K, 0% used [0x00000000eaf00000,0x00000000eaf00000,0x00000000eb000000)
 ParOldGen       total 130048K, used 116815K [0x00000000c0000000, 0x00000000c7f00000, 0x00000000eab00000)
  object space 130048K, 89% used [0x00000000c0000000,0x00000000c7213f58,0x00000000c7f00000)
 Metaspace       used 82628K, capacity 85827K, committed 85976K, reserved 1126400K
  class space    used 7877K, capacity 9152K, committed 9216K, reserved 1048576K
}
Event: 199568.126 GC heap after
{Heap after GC invocations=16405 (full 423):
 PSYoungGen      total 5120K, used 464K [0x00000000eab00000, 0x00000000eb100000, 0x0000000100000000)
  eden space 4096K, 0% used [0x00000000eab00000,0x00000000eab00000,0x00000000eaf00000)
  from space 1024K, 45% used [0x00000000eaf00000,0x00000000eaf74010,0x00000000eb000000)
  to   space 1024K, 0% used [0x00000000eb000000,0x00000000eb000000,0x00000000eb100000)
 ParOldGen       total 130048K, used 117270K [0x00000000c0000000, 0x00000000c7f00000, 0x00000000eab00000)
  object space 130048K, 90% used [0x00000000c0000000,0x00000000c7285970,0x00000000c7f00000)
 Metaspace       used 82628K, capacity 85827K, committed 85976K, reserved 1126400K
  class space    used 7877K, capacity 9152K, committed 9216K, reserved 1048576K
}
Event: 199568.132 GC heap before
{Heap before GC invocations=16406 (full 423):
 PSYoungGen      total 5120K, used 4560K [0x00000000eab00000, 0x00000000eb100000, 0x0000000100000000)
  eden space 4096K, 100% used [0x00000000eab00000,0x00000000eaf00000,0x00000000eaf00000)
  from space 1024K, 45% used [0x00000000eaf00000,0x00000000eaf74010,0x00000000eb000000)
  to   space 1024K, 0% used [0x00000000eb000000,0x00000000eb000000,0x00000000eb100000)
 ParOldGen       total 130048K, used 117270K [0x00000000c0000000, 0x00000000c7f00000, 0x00000000eab00000)
  object space 130048K, 90% used [0x00000000c0000000,0x00000000c7285970,0x00000000c7f00000)
 Metaspace       used 82628K, capacity 85827K, committed 85976K, reserved 1126400K
  class space    used 7877K, capacity 9152K, committed 9216K, reserved 1048576K
}
Event: 199568.133 GC heap after
{Heap after GC invocations=16406 (full 423):
 PSYoungGen      total 5120K, used 736K [0x00000000eab00000, 0x00000000eb100000, 0x0000000100000000)
  eden space 4096K, 0% used [0x00000000eab00000,0x00000000eab00000,0x00000000eaf00000)
  from space 1024K, 71% used [0x00000000eb000000,0x00000000eb0b8000,0x00000000eb100000)
  to   space 1024K, 0% used [0x00000000eaf00000,0x00000000eaf00000,0x00000000eb000000)
 ParOldGen       total 130048K, used 117374K [0x00000000c0000000, 0x00000000c7f00000, 0x00000000eab00000)
  object space 130048K, 90% used [0x00000000c0000000,0x00000000c729f970,0x00000000c7f00000)
 Metaspace       used 82628K, capacity 85827K, committed 85976K, reserved 1126400K
  class space    used 7877K, capacity 9152K, committed 9216K, reserved 1048576K
}
Event: 199568.140 GC heap before
{Heap before GC invocations=16407 (full 423):
 PSYoungGen      total 5120K, used 4832K [0x00000000eab00000, 0x00000000eb100000, 0x0000000100000000)
  eden space 4096K, 100% used [0x00000000eab00000,0x00000000eaf00000,0x00000000eaf00000)
  from space 1024K, 71% used [0x00000000eb000000,0x00000000eb0b8000,0x00000000eb100000)
  to   space 1024K, 0% used [0x00000000eaf00000,0x00000000eaf00000,0x00000000eb000000)
 ParOldGen       total 130048K, used 117374K [0x00000000c0000000, 0x00000000c7f00000, 0x00000000eab00000)
  object space 130048K, 90% used [0x00000000c0000000,0x00000000c729f970,0x00000000c7f00000)
 Metaspace       used 82628K, capacity 85827K, committed 85976K, reserved 1126400K
  class space    used 7877K, capacity 9152K, committed 9216K, reserved 1048576K
}
Event: 199568.140 GC heap after
{Heap after GC invocations=16407 (full 423):
 PSYoungGen      total 5120K, used 320K [0x00000000eab00000, 0x00000000eb080000, 0x0000000100000000)
  eden space 4096K, 0% used [0x00000000eab00000,0x00000000eab00000,0x00000000eaf00000)
  from space 1024K, 31% used [0x00000000eaf00000,0x00000000eaf50000,0x00000000eb000000)
  to   space 512K, 0% used [0x00000000eb000000,0x00000000eb000000,0x00000000eb080000)
 ParOldGen       total 130048K, used 117390K [0x00000000c0000000, 0x00000000c7f00000, 0x00000000eab00000)
  object space 130048K, 90% used [0x00000000c0000000,0x00000000c72a3970,0x00000000c7f00000)
 Metaspace       used 82628K, capacity 85827K, committed 85976K, reserved 1126400K
  class space    used 7877K, capacity 9152K, committed 9216K, reserved 1048576K
}
Event: 199568.146 GC heap before
{Heap before GC invocations=16408 (full 423):
 PSYoungGen      total 5120K, used 4416K [0x00000000eab00000, 0x00000000eb080000, 0x0000000100000000)
  eden space 4096K, 100% used [0x00000000eab00000,0x00000000eaf00000,0x00000000eaf00000)
  from space 1024K, 31% used [0x00000000eaf00000,0x00000000eaf50000,0x00000000eb000000)
  to   space 512K, 0% used [0x00000000eb000000,0x00000000eb000000,0x00000000eb080000)
 ParOldGen       total 130048K, used 117390K [0x00000000c0000000, 0x00000000c7f00000, 0x00000000eab00000)
  object space 130048K, 90% used [0x00000000c0000000,0x00000000c72a3970,0x00000000c7f00000)
 Metaspace       used 82628K, capacity 85827K, committed 85976K, reserved 1126400K
  class space    used 7877K, capacity 9152K, committed 9216K, reserved 1048576K
}
Event: 199568.147 GC heap after
{Heap after GC invocations=16408 (full 423):
 PSYoungGen      total 4608K, used 496K [0x00000000eab00000, 0x00000000eb100000, 0x0000000100000000)
  eden space 4096K, 0% used [0x00000000eab00000,0x00000000eab00000,0x00000000eaf00000)
  from space 512K, 96% used [0x00000000eb000000,0x00000000eb07c010,0x00000000eb080000)
  to   space 1024K, 0% used [0x00000000eaf00000,0x00000000eaf00000,0x00000000eb000000)
 ParOldGen       total 130048K, used 117470K [0x00000000c0000000, 0x00000000c7f00000, 0x00000000eab00000)
  object space 130048K, 90% used [0x00000000c0000000,0x00000000c72b7970,0x00000000c7f00000)
 Metaspace       used 82628K, capacity 85827K, committed 85976K, reserved 1126400K
  class space    used 7877K, capacity 9152K, committed 9216K, reserved 1048576K
}
Event: 199568.152 GC heap before
{Heap before GC invocations=16409 (full 423):
 PSYoungGen      total 4608K, used 4592K [0x00000000eab00000, 0x00000000eb100000, 0x0000000100000000)
  eden space 4096K, 100% used [0x00000000eab00000,0x00000000eaf00000,0x00000000eaf00000)
  from space 512K, 96% used [0x00000000eb000000,0x00000000eb07c010,0x00000000eb080000)
  to   space 1024K, 0% used [0x00000000eaf00000,0x00000000eaf00000,0x00000000eb000000)
 ParOldGen       total 130048K, used 117470K [0x00000000c0000000, 0x00000000c7f00000, 0x00000000eab00000)
  object space 130048K, 90% used [0x00000000c0000000,0x00000000c72b7970,0x00000000c7f00000)
 Metaspace       used 82628K, capacity 85827K, committed 85976K, reserved 1126400K
  class space    used 7877K, capacity 9152K, committed 9216K, reserved 1048576K
}
Event: 199568.153 GC heap after
{Heap after GC invocations=16409 (full 423):
 PSYoungGen      total 5120K, used 704K [0x00000000eab00000, 0x00000000eb100000, 0x0000000100000000)
  eden space 4096K, 0% used [0x00000000eab00000,0x00000000eab00000,0x00000000eaf00000)
  from space 1024K, 68% used [0x00000000eaf00000,0x00000000eafb0000,0x00000000eb000000)
  to   space 1024K, 0% used [0x00000000eb000000,0x00000000eb000000,0x00000000eb100000)
 ParOldGen       total 130048K, used 117951K [0x00000000c0000000, 0x00000000c7f00000, 0x00000000eab00000)
  object space 130048K, 90% used [0x00000000c0000000,0x00000000c732fef8,0x00000000c7f00000)
 Metaspace       used 82628K, capacity 85827K, committed 85976K, reserved 1126400K
  class space    used 7877K, capacity 9152K, committed 9216K, reserved 1048576K
}
Event: 199568.331 GC heap before
{Heap before GC invocations=16410 (full 423):
 PSYoungGen      total 5120K, used 4800K [0x00000000eab00000, 0x00000000eb100000, 0x0000000100000000)
  eden space 4096K, 100% used [0x00000000eab00000,0x00000000eaf00000,0x00000000eaf00000)
  from space 1024K, 68% used [0x00000000eaf00000,0x00000000eafb0000,0x00000000eb000000)
  to   space 1024K, 0% used [0x00000000eb000000,0x00000000eb000000,0x00000000eb100000)
 ParOldGen       total 130048K, used 117951K [0x00000000c0000000, 0x00000000c7f00000, 0x00000000eab00000)
  object space 130048K, 90% used [0x00000000c0000000,0x00000000c732fef8,0x00000000c7f00000)
 Metaspace       used 82628K, capacity 85827K, committed 85976K, reserved 1126400K
  class space    used 7877K, capacity 9152K, committed 9216K, reserved 1048576K
}

